This is pdfTeX, Version 3.1415926-1.40.10 (TeX Live 2009/Debian) (format=pdflatex 2012.10.30)  29 APR 2014 16:22
entering extended mode
 \write18 enabled.
 %&-line parsing enabled.
**gpss.tex
(./gpss.tex
LaTeX2e <2009/09/24>
Babel <v3.8l> and hyphenation patterns for english, usenglishmax, dumylang, noh
yphenation, farsi, arabic, croatian, bulgarian, ukrainian, russian, czech, slov
ak, danish, dutch, finnish, french, basque, ngerman, german, german-x-2009-06-1
9, ngerman-x-2009-06-19, ibycus, monogreek, greek, ancientgreek, hungarian, san
skrit, italian, latin, latvian, lithuanian, mongolian2a, mongolian, bokmal, nyn
orsk, romanian, irish, coptic, serbian, turkish, welsh, esperanto, uppersorbian
, estonian, indonesian, interlingua, icelandic, kurmanji, slovenian, polish, po
rtuguese, spanish, galician, catalan, swedish, ukenglish, pinyin, loaded.
(/usr/share/texmf-texlive/tex/latex/base/article.cls
Document Class: article 2007/10/19 v1.4h Standard LaTeX document class
(/usr/share/texmf-texlive/tex/latex/base/size10.clo
File: size10.clo 2007/10/19 v1.4h Standard LaTeX file (size option)
)
\c@part=\count79
\c@section=\count80
\c@subsection=\count81
\c@subsubsection=\count82
\c@paragraph=\count83
\c@subparagraph=\count84
\c@figure=\count85
\c@table=\count86
\abovecaptionskip=\skip41
\belowcaptionskip=\skip42
\bibindent=\dimen102
) (./algorithm.sty
Package: algorithm 

Document Style `algorithm' - floating environment
(/usr/share/texmf-texlive/tex/latex/float/float.sty
Package: float 2001/11/08 v1.3d Float enhancements (AL)
\c@float@type=\count87
\float@exts=\toks14
\float@box=\box26
\@float@everytoks=\toks15
\@floatcapt=\box27
)
(/usr/share/texmf-texlive/tex/latex/base/ifthen.sty
Package: ifthen 2001/05/26 v1.1c Standard LaTeX ifthen package (DPC)
)
\@float@every@algorithm=\toks16
\c@algorithm=\count88
) (./algorithmic.sty
Package: algorithmic 

Document Style `algorithmic' - environment
(/usr/share/texmf-texlive/tex/latex/tools/calc.sty
Package: calc 2007/08/22 v4.3 Infix arithmetic (KKT,FJ)
\calc@Acount=\count89
\calc@Bcount=\count90
\calc@Adimen=\dimen103
\calc@Bdimen=\dimen104
\calc@Askip=\skip43
\calc@Bskip=\skip44
LaTeX Info: Redefining \setlength on input line 76.
LaTeX Info: Redefining \addtolength on input line 77.
\calc@Ccount=\count91
\calc@Cskip=\skip45
)
\c@ALC@line=\count92
\c@ALC@rem=\count93
\ALC@tlm=\skip46
)
(/usr/share/texmf-texlive/tex/latex/amsfonts/amssymb.sty
Package: amssymb 2009/06/22 v3.00

(/usr/share/texmf-texlive/tex/latex/amsfonts/amsfonts.sty
Package: amsfonts 2009/06/22 v3.00 Basic AMSFonts support
\@emptytoks=\toks17
\symAMSa=\mathgroup4
\symAMSb=\mathgroup5
LaTeX Font Info:    Overwriting math alphabet `\mathfrak' in version `bold'
(Font)                  U/euf/m/n --> U/euf/b/n on input line 96.
))
(/usr/share/texmf-texlive/tex/latex/amsmath/amsmath.sty
Package: amsmath 2000/07/18 v2.13 AMS math features
\@mathmargin=\skip47

For additional information on amsmath, use the `?' option.
(/usr/share/texmf-texlive/tex/latex/amsmath/amstext.sty
Package: amstext 2000/06/29 v2.01

(/usr/share/texmf-texlive/tex/latex/amsmath/amsgen.sty
File: amsgen.sty 1999/11/30 v2.0
\@emptytoks=\toks18
\ex@=\dimen105
))
(/usr/share/texmf-texlive/tex/latex/amsmath/amsbsy.sty
Package: amsbsy 1999/11/29 v1.2d
\pmbraise@=\dimen106
)
(/usr/share/texmf-texlive/tex/latex/amsmath/amsopn.sty
Package: amsopn 1999/12/14 v2.01 operator names
)
\inf@bad=\count94
LaTeX Info: Redefining \frac on input line 211.
\uproot@=\count95
\leftroot@=\count96
LaTeX Info: Redefining \overline on input line 307.
\classnum@=\count97
\DOTSCASE@=\count98
LaTeX Info: Redefining \ldots on input line 379.
LaTeX Info: Redefining \dots on input line 382.
LaTeX Info: Redefining \cdots on input line 467.
\Mathstrutbox@=\box28
\strutbox@=\box29
\big@size=\dimen107
LaTeX Font Info:    Redeclaring font encoding OML on input line 567.
LaTeX Font Info:    Redeclaring font encoding OMS on input line 568.
\macc@depth=\count99
\c@MaxMatrixCols=\count100
\dotsspace@=\muskip10
\c@parentequation=\count101
\dspbrk@lvl=\count102
\tag@help=\toks19
\row@=\count103
\column@=\count104
\maxfields@=\count105
\andhelp@=\toks20
\eqnshift@=\dimen108
\alignsep@=\dimen109
\tagshift@=\dimen110
\tagwidth@=\dimen111
\totwidth@=\dimen112
\lineht@=\dimen113
\@envbody=\toks21
\multlinegap=\skip48
\multlinetaggap=\skip49
\mathdisplay@stack=\toks22
LaTeX Info: Redefining \[ on input line 2666.
LaTeX Info: Redefining \] on input line 2667.
)
(/usr/share/texmf-texlive/tex/latex/amscls/amsthm.sty
Package: amsthm 2004/08/06 v2.20
\thm@style=\toks23
\thm@bodyfont=\toks24
\thm@headfont=\toks25
\thm@notefont=\toks26
\thm@headpunct=\toks27
\thm@preskip=\skip50
\thm@postskip=\skip51
\thm@headsep=\skip52
\dth@everypar=\toks28
)
(/usr/share/texmf-texlive/tex/latex/graphics/graphicx.sty
Package: graphicx 1999/02/16 v1.0f Enhanced LaTeX Graphics (DPC,SPQR)

(/usr/share/texmf-texlive/tex/latex/graphics/keyval.sty
Package: keyval 1999/03/16 v1.13 key=value parser (DPC)
\KV@toks@=\toks29
)
(/usr/share/texmf-texlive/tex/latex/graphics/graphics.sty
Package: graphics 2009/02/05 v1.0o Standard LaTeX Graphics (DPC,SPQR)

(/usr/share/texmf-texlive/tex/latex/graphics/trig.sty
Package: trig 1999/03/16 v1.09 sin cos tan (DPC)
)
(/etc/texmf/tex/latex/config/graphics.cfg
File: graphics.cfg 2009/08/28 v1.8 graphics configuration of TeX Live
)
Package graphics Info: Driver file: pdftex.def on input line 91.

(/usr/share/texmf-texlive/tex/latex/pdftex-def/pdftex.def
File: pdftex.def 2010/03/12 v0.04p Graphics/color for pdfTeX
\Gread@gobject=\count106
))
\Gin@req@height=\dimen114
\Gin@req@width=\dimen115
) (./preamble.sty
Package: preamble 

(/usr/share/texmf-texlive/tex/latex/ltxmisc/url.sty
\Urlmuskip=\muskip11
Package: url 2006/04/12  ver 3.3  Verb mode for urls, etc.
)
(/usr/share/texmf-texlive/tex/latex/tools/array.sty
Package: array 2008/09/09 v2.4c Tabular extension package (FMi)
\col@sep=\dimen116
\extrarowheight=\dimen117
\NC@list=\toks30
\extratabsurround=\skip53
\backup@length=\skip54
)
(/usr/share/texmf-texlive/tex/latex/base/textcomp.sty
Package: textcomp 2005/09/27 v1.99g Standard LaTeX package
Package textcomp Info: Sub-encoding information:
(textcomp)               5 = only ISO-Adobe without \textcurrency
(textcomp)               4 = 5 + \texteuro
(textcomp)               3 = 4 + \textohm
(textcomp)               2 = 3 + \textestimated + \textcurrency
(textcomp)               1 = TS1 - \textcircled - \t
(textcomp)               0 = TS1 (full)
(textcomp)             Font families with sub-encoding setting implement
(textcomp)             only a restricted character set as indicated.
(textcomp)             Family '?' is the default used for unknown fonts.
(textcomp)             See the documentation for details.
Package textcomp Info: Setting ? sub-encoding to TS1/1 on input line 71.

(/usr/share/texmf-texlive/tex/latex/base/ts1enc.def
File: ts1enc.def 2001/06/05 v3.0e (jk/car/fm) Standard LaTeX file
)
LaTeX Info: Redefining \oldstylenums on input line 266.
Package textcomp Info: Setting cmr sub-encoding to TS1/0 on input line 281.
Package textcomp Info: Setting cmss sub-encoding to TS1/0 on input line 282.
Package textcomp Info: Setting cmtt sub-encoding to TS1/0 on input line 283.
Package textcomp Info: Setting cmvtt sub-encoding to TS1/0 on input line 284.
Package textcomp Info: Setting cmbr sub-encoding to TS1/0 on input line 285.
Package textcomp Info: Setting cmtl sub-encoding to TS1/0 on input line 286.
Package textcomp Info: Setting ccr sub-encoding to TS1/0 on input line 287.
Package textcomp Info: Setting ptm sub-encoding to TS1/4 on input line 288.
Package textcomp Info: Setting pcr sub-encoding to TS1/4 on input line 289.
Package textcomp Info: Setting phv sub-encoding to TS1/4 on input line 290.
Package textcomp Info: Setting ppl sub-encoding to TS1/3 on input line 291.
Package textcomp Info: Setting pag sub-encoding to TS1/4 on input line 292.
Package textcomp Info: Setting pbk sub-encoding to TS1/4 on input line 293.
Package textcomp Info: Setting pnc sub-encoding to TS1/4 on input line 294.
Package textcomp Info: Setting pzc sub-encoding to TS1/4 on input line 295.
Package textcomp Info: Setting bch sub-encoding to TS1/4 on input line 296.
Package textcomp Info: Setting put sub-encoding to TS1/5 on input line 297.
Package textcomp Info: Setting uag sub-encoding to TS1/5 on input line 298.
Package textcomp Info: Setting ugq sub-encoding to TS1/5 on input line 299.
Package textcomp Info: Setting ul8 sub-encoding to TS1/4 on input line 300.
Package textcomp Info: Setting ul9 sub-encoding to TS1/4 on input line 301.
Package textcomp Info: Setting augie sub-encoding to TS1/5 on input line 302.
Package textcomp Info: Setting dayrom sub-encoding to TS1/3 on input line 303.
Package textcomp Info: Setting dayroms sub-encoding to TS1/3 on input line 304.

Package textcomp Info: Setting pxr sub-encoding to TS1/0 on input line 305.
Package textcomp Info: Setting pxss sub-encoding to TS1/0 on input line 306.
Package textcomp Info: Setting pxtt sub-encoding to TS1/0 on input line 307.
Package textcomp Info: Setting txr sub-encoding to TS1/0 on input line 308.
Package textcomp Info: Setting txss sub-encoding to TS1/0 on input line 309.
Package textcomp Info: Setting txtt sub-encoding to TS1/0 on input line 310.
Package textcomp Info: Setting futs sub-encoding to TS1/4 on input line 311.
Package textcomp Info: Setting futx sub-encoding to TS1/4 on input line 312.
Package textcomp Info: Setting futj sub-encoding to TS1/4 on input line 313.
Package textcomp Info: Setting hlh sub-encoding to TS1/3 on input line 314.
Package textcomp Info: Setting hls sub-encoding to TS1/3 on input line 315.
Package textcomp Info: Setting hlst sub-encoding to TS1/3 on input line 316.
Package textcomp Info: Setting hlct sub-encoding to TS1/5 on input line 317.
Package textcomp Info: Setting hlx sub-encoding to TS1/5 on input line 318.
Package textcomp Info: Setting hlce sub-encoding to TS1/5 on input line 319.
Package textcomp Info: Setting hlcn sub-encoding to TS1/5 on input line 320.
Package textcomp Info: Setting hlcw sub-encoding to TS1/5 on input line 321.
Package textcomp Info: Setting hlcf sub-encoding to TS1/5 on input line 322.
Package textcomp Info: Setting pplx sub-encoding to TS1/3 on input line 323.
Package textcomp Info: Setting pplj sub-encoding to TS1/3 on input line 324.
Package textcomp Info: Setting ptmx sub-encoding to TS1/4 on input line 325.
Package textcomp Info: Setting ptmj sub-encoding to TS1/4 on input line 326.
)
(/usr/share/texmf-texlive/tex/latex/booktabs/booktabs.sty
Package: booktabs 2005/04/14 v1.61803 publication quality tables
\heavyrulewidth=\dimen118
\lightrulewidth=\dimen119
\cmidrulewidth=\dimen120
\belowrulesep=\dimen121
\belowbottomsep=\dimen122
\aboverulesep=\dimen123
\abovetopsep=\dimen124
\cmidrulesep=\dimen125
\cmidrulekern=\dimen126
\defaultaddspace=\dimen127
\@cmidla=\count107
\@cmidlb=\count108
\@aboverulesep=\dimen128
\@belowrulesep=\dimen129
\@thisruleclass=\count109
\@lastruleclass=\count110
\@thisrulewidth=\dimen130
)
(/usr/share/texmf-texlive/tex/latex/ltxmisc/relsize.sty
Package: relsize 2003/07/04 ver 3.1
)
(/usr/share/texmf-texlive/tex/latex/units/nicefrac.sty
Package: nicefrac 1998/08/04 v0.9b Nice fractions
\L@UnitsRaiseDisplaystyle=\skip55
\L@UnitsRaiseTextstyle=\skip56
\L@UnitsRaiseScriptstyle=\skip57
)
(/usr/share/texmf-texlive/tex/latex/rotating/rotating.sty
Package: rotating 2009/03/28 v2.16a rotated objects in LaTeX
\c@r@tfl@t=\count111
\rotFPtop=\skip58
\rotFPbot=\skip59
\rot@float@box=\box30
\rot@mess@toks=\toks31
)
(/usr/share/texmf-texlive/tex/generic/genmisc/nth.sty
Package: nth 2002/02/27
)
(/usr/share/texmf-texlive/tex/latex/acronym/acronym.sty
Package: acronym 2009/01/25 v1.34 Support for acronyms (Tobias Oetiker)

(/usr/share/texmf-texlive/tex/latex/bigfoot/suffix.sty
Package: suffix 2006/07/15 1.5 Variant command support
)
\AC@clearlist=\toks32
)
(/usr/share/texmf-texlive/tex/latex/tools/bm.sty
Package: bm 2004/02/26 v1.1c Bold Symbol Support (DPC/FMi)
\symboldoperators=\mathgroup6
\symboldletters=\mathgroup7
\symboldsymbols=\mathgroup8
LaTeX Font Info:    Redeclaring math alphabet \mathbf on input line 138.
LaTeX Info: Redefining \bm on input line 204.
)
(/usr/share/texmf-texlive/tex/latex/mdwtools/footnote.sty
Package: footnote 1997/01/28 1.13 Save footnotes around boxes
\fn@notes=\box31
\fn@width=\dimen131
)
\c@prop=\count112
\c@cor=\count113
\c@lem=\count114
\c@thm=\count115
\c@conj=\count116
\c@exmp=\count117
\c@note=\count118
\c@case=\count119
)
(/usr/share/texmf-texlive/tex/latex/natbib/natbib.sty
Package: natbib 2009/07/16 8.31 (PWD, AO)
\bibhang=\skip60
\bibsep=\skip61
LaTeX Info: Redefining \cite on input line 694.
\c@NAT@ctr=\count120
)
(/usr/share/texmf-texlive/tex/latex/hyperref/hyperref.sty
Package: hyperref 2009/10/09 v6.79a Hypertext links for LaTeX

(/usr/share/texmf-texlive/tex/generic/oberdiek/ifpdf.sty
Package: ifpdf 2009/04/10 v2.0 Provides the ifpdf switch (HO)
Package ifpdf Info: pdfTeX in pdf mode detected.
)
(/usr/share/texmf-texlive/tex/generic/oberdiek/ifvtex.sty
Package: ifvtex 2008/11/04 v1.4 Switches for detecting VTeX and its modes (HO)
Package ifvtex Info: VTeX not detected.
)
(/usr/share/texmf-texlive/tex/generic/ifxetex/ifxetex.sty
Package: ifxetex 2009/01/23 v0.5 Provides ifxetex conditional
)
(/usr/share/texmf-texlive/tex/latex/oberdiek/hycolor.sty
Package: hycolor 2009/10/02 v1.5 Code for color options of hyperref/bookmark (H
O)

(/usr/share/texmf-texlive/tex/latex/oberdiek/xcolor-patch.sty
Package: xcolor-patch 2009/10/02 xcolor patch
))
\@linkdim=\dimen132
\Hy@linkcounter=\count121
\Hy@pagecounter=\count122

(/usr/share/texmf-texlive/tex/latex/hyperref/pd1enc.def
File: pd1enc.def 2009/10/09 v6.79a Hyperref: PDFDocEncoding definition (HO)
)
(/usr/share/texmf-texlive/tex/generic/oberdiek/etexcmds.sty
Package: etexcmds 2007/12/12 v1.2 Prefix for e-TeX command names (HO)

(/usr/share/texmf-texlive/tex/generic/oberdiek/infwarerr.sty
Package: infwarerr 2007/09/09 v1.2 Providing info/warning/message (HO)
)
Package etexcmds Info: Could not find \expanded.
(etexcmds)             That can mean that you are not using pdfTeX 1.50 or
(etexcmds)             that some package has redefined \expanded.
(etexcmds)             In the latter case, load this package earlier.
)
(/usr/share/texmf-texlive/tex/latex/latexconfig/hyperref.cfg
File: hyperref.cfg 2002/06/06 v1.2 hyperref configuration of TeXLive
)
(/usr/share/texmf-texlive/tex/latex/oberdiek/kvoptions.sty
Package: kvoptions 2009/08/13 v3.4 Keyval support for LaTeX options (HO)

(/usr/share/texmf-texlive/tex/generic/oberdiek/kvsetkeys.sty
Package: kvsetkeys 2009/07/30 v1.5 Key value parser with default handler suppor
t (HO)
))
Package hyperref Info: Hyper figures OFF on input line 2975.
Package hyperref Info: Link nesting OFF on input line 2980.
Package hyperref Info: Hyper index ON on input line 2983.
Package hyperref Info: Plain pages OFF on input line 2990.
Package hyperref Info: Backreferencing OFF on input line 2995.

Implicit mode ON; LaTeX internals redefined
Package hyperref Info: Bookmarks ON on input line 3191.
LaTeX Info: Redefining \url on input line 3428.
(/usr/share/texmf-texlive/tex/generic/oberdiek/bitset.sty
Package: bitset 2007/09/28 v1.0 Data type bit set (HO)

(/usr/share/texmf-texlive/tex/generic/oberdiek/intcalc.sty
Package: intcalc 2007/09/27 v1.1 Expandable integer calculations (HO)
)
(/usr/share/texmf-texlive/tex/generic/oberdiek/bigintcalc.sty
Package: bigintcalc 2007/11/11 v1.1 Expandable big integer calculations (HO)

(/usr/share/texmf-texlive/tex/generic/oberdiek/pdftexcmds.sty
Package: pdftexcmds 2009/09/23 v0.6 LuaTeX support for pdfTeX utility functions
 (HO)

(/usr/share/texmf-texlive/tex/generic/oberdiek/ifluatex.sty
Package: ifluatex 2009/04/17 v1.2 Provides the ifluatex switch (HO)
Package ifluatex Info: LuaTeX not detected.
)
(/usr/share/texmf-texlive/tex/generic/oberdiek/ltxcmds.sty
Package: ltxcmds 2009/08/05 v1.0 Some LaTeX kernel commands for general use (HO
)
)
Package pdftexcmds Info: LuaTeX not detected.
Package pdftexcmds Info: \pdf@primitive is available.
Package pdftexcmds Info: \pdf@ifprimitive is available.
)))
\Fld@menulength=\count123
\Field@Width=\dimen133
\Fld@charsize=\dimen134
\Field@toks=\toks33
Package hyperref Info: Hyper figures OFF on input line 4377.
Package hyperref Info: Link nesting OFF on input line 4382.
Package hyperref Info: Hyper index ON on input line 4385.
Package hyperref Info: backreferencing OFF on input line 4392.
Package hyperref Info: Link coloring OFF on input line 4397.
Package hyperref Info: Link coloring with OCG OFF on input line 4402.
Package hyperref Info: PDF/A mode OFF on input line 4407.

(/usr/share/texmf-texlive/tex/generic/oberdiek/atbegshi.sty
Package: atbegshi 2008/07/31 v1.9 At begin shipout hook (HO)
)
\Hy@abspage=\count124
\c@Item=\count125
\c@Hfootnote=\count126
)
*hyperref using default driver hpdftex*
(/usr/share/texmf-texlive/tex/latex/hyperref/hpdftex.def
File: hpdftex.def 2009/10/09 v6.79a Hyperref driver for pdfTeX
\Fld@listcount=\count127
)
(/usr/share/texmf-texlive/tex/latex/graphics/color.sty
Package: color 2005/11/14 v1.0j Standard LaTeX Color (DPC)

(/etc/texmf/tex/latex/config/color.cfg
File: color.cfg 2007/01/18 v1.5 color configuration of teTeX/TeXLive
)
Package color Info: Driver file: pdftex.def on input line 130.
)
(/usr/share/texmf-texlive/tex/latex/wasysym/wasysym.sty
Package: wasysym 2003/10/30 v2.0 Wasy-2 symbol support package
\symwasy=\mathgroup9
LaTeX Font Info:    Overwriting symbol font `wasy' in version `bold'
(Font)                  U/wasy/m/n --> U/wasy/b/n on input line 90.
)
(/usr/share/texmf-texlive/tex/latex/subfigure/subfigure.sty
Package: subfigure 2002/03/15 v2.1.5 subfigure package
\subfigtopskip=\skip62
\subfigcapskip=\skip63
\subfigcaptopadj=\dimen135
\subfigbottomskip=\skip64
\subfigcapmargin=\dimen136
\subfiglabelskip=\skip65
\c@subfigure=\count128
\c@lofdepth=\count129
\c@subtable=\count130
\c@lotdepth=\count131

****************************************
* Local config file subfigure.cfg used *
****************************************
(/usr/share/texmf-texlive/tex/latex/subfigure/subfigure.cfg)
\subfig@top=\skip66
\subfig@bottom=\skip67
)
(/usr/share/texmf-texlive/tex/latex/tools/tabularx.sty
Package: tabularx 1999/01/07 v2.07 `tabularx' package (DPC)
\TX@col@width=\dimen137
\TX@old@table=\dimen138
\TX@old@col=\dimen139
\TX@target=\dimen140
\TX@delta=\dimen141
\TX@cols=\count132
\TX@ftn=\toks34
)
Package hyperref Info: Option `colorlinks' set `true' on input line 31.

(./include/commenting.tex
\c@margincounter=\count133
) (./format/icml2013v2.sty

LaTeX Warning: You have requested package `format/icml2013v2',
               but the package provides `icml2013'.

Package: icml2013 2013/01/01 v2.0 ICML Conference Style File
(/usr/share/texmf-texlive/tex/latex/fancyhdr/fancyhdr.sty
\fancy@headwidth=\skip68
\f@ncyO@elh=\skip69
\f@ncyO@erh=\skip70
\f@ncyO@olh=\skip71
\f@ncyO@orh=\skip72
\f@ncyO@elf=\skip73
\f@ncyO@erf=\skip74
\f@ncyO@olf=\skip75
\f@ncyO@orf=\skip76
)
(/usr/share/texmf-texlive/tex/latex/eso-pic/eso-pic.sty
Package: eso-pic 2006/07/14 v1.1d eso-pic (RN)

(/usr/share/texmf-texlive/tex/latex/ms/everyshi.sty
Package: everyshi 2001/05/15 v3.00 EveryShipout Package (MS)
))
Package color Info: Redefining color mydarkblue on input line 81.
Package hyperref Info: Option `colorlinks' set `true' on input line 94.
\titrun=\box32
\captionbox=\box33
\captionboxwid=\dimen142
\icmlrulerbox=\box34
\icmlrulercount=\count134
\icmlruleroffset=\dimen143
\cv@lineheight=\dimen144
\cv@boxheight=\dimen145
\cv@tmpbox=\box35
\cv@refno=\count135
\cv@tot=\count136
\cv@tmpc@=\count137
\cv@tmpc=\count138
) (./gpss.aux)
\openout1 = `gpss.aux'.

LaTeX Font Info:    Checking defaults for OML/cmm/m/it on input line 59.
LaTeX Font Info:    ... okay on input line 59.
LaTeX Font Info:    Checking defaults for T1/cmr/m/n on input line 59.
LaTeX Font Info:    ... okay on input line 59.
LaTeX Font Info:    Checking defaults for OT1/cmr/m/n on input line 59.
LaTeX Font Info:    ... okay on input line 59.
LaTeX Font Info:    Checking defaults for OMS/cmsy/m/n on input line 59.
LaTeX Font Info:    ... okay on input line 59.
LaTeX Font Info:    Checking defaults for OMX/cmex/m/n on input line 59.
LaTeX Font Info:    ... okay on input line 59.
LaTeX Font Info:    Checking defaults for U/cmr/m/n on input line 59.
LaTeX Font Info:    ... okay on input line 59.
LaTeX Font Info:    Checking defaults for TS1/cmr/m/n on input line 59.
LaTeX Font Info:    Try loading font information for TS1+cmr on input line 59.

(/usr/share/texmf-texlive/tex/latex/base/ts1cmr.fd
File: ts1cmr.fd 1999/05/25 v2.5h Standard LaTeX font definitions
)
LaTeX Font Info:    ... okay on input line 59.
LaTeX Font Info:    Checking defaults for PD1/pdf/m/n on input line 59.
LaTeX Font Info:    ... okay on input line 59.

(/usr/share/texmf-texlive/tex/context/base/supp-pdf.mkii
[Loading MPS to PDF converter (version 2006.09.02).]
\scratchcounter=\count139
\scratchdimen=\dimen146
\scratchbox=\box36
\nofMPsegments=\count140
\nofMParguments=\count141
\everyMPshowfont=\toks35
\MPscratchCnt=\count142
\MPscratchDim=\dimen147
\MPnumerator=\count143
\everyMPtoPDFconversion=\toks36
)
Package hyperref Info: Link coloring ON on input line 59.
 (/usr/share/texmf-texlive/tex/latex/hyperref/nameref.sty
Package: nameref 2007/05/29 v2.31 Cross-referencing by name of section

(/usr/share/texmf-texlive/tex/latex/oberdiek/refcount.sty
Package: refcount 2008/08/11 v3.1 Data extraction from references (HO)
)
\c@section@level=\count144
)
LaTeX Info: Redefining \ref on input line 59.
LaTeX Info: Redefining \pageref on input line 59.
 (./gpss.out)
(./gpss.out)
\@outlinefile=\write3
\openout3 = `gpss.out'.

\AtBeginShipoutBox=\box37
 ABD: EveryShipout initializing macros
LaTeX Font Info:    Try loading font information for U+msa on input line 67.

(/usr/share/texmf-texlive/tex/latex/amsfonts/umsa.fd
File: umsa.fd 2009/06/22 v3.00 AMS symbols A
)
LaTeX Font Info:    Try loading font information for U+msb on input line 67.

(/usr/share/texmf-texlive/tex/latex/amsfonts/umsb.fd
File: umsb.fd 2009/06/22 v3.00 AMS symbols B
)
LaTeX Font Info:    Try loading font information for U+wasy on input line 67.

(/usr/share/texmf-texlive/tex/latex/wasysym/uwasy.fd
File: uwasy.fd 2003/10/30 v2.0 Wasy-2 symbol font definitions
)
Overfull \hbox (5.1225pt too wide) in paragraph at lines 67--67
 [] 
 []

[1{/var/lib/texmf/fonts/map/pdftex/updmap/pdftex.map}



]
Overfull \hbox (72.5048pt too wide) in paragraph at lines 131--146
 [] 
 []

[2


]
Overfull \hbox (26.247pt too wide) in paragraph at lines 265--292
 [] 
 []

[3


] [4] [5]
Overfull \hbox (24.26595pt too wide) in paragraph at lines 405--431
 [] 
 []


Overfull \hbox (31.59917pt too wide) in paragraph at lines 446--473
 [] 
 []


Overfull \hbox (24.26595pt too wide) in paragraph at lines 492--520
 [] 
 []

[6


] [7] [8] (./gpss.bbl
Underfull \hbox (badness 1221) in paragraph at lines 16--21
[]\OT1/cmr/m/n/10 Duvenaud, David, Lloyd, James Robert, Grosse,
 []

) [9

] (./gpss.aux) ) 
Here is how much of TeX's memory you used:
 7612 strings out of 493848
 102420 string characters out of 1152822
 229563 words of memory out of 3000000
 10651 multiletter control sequences out of 15000+50000
 19312 words of font info for 70 fonts, out of 3000000 for 9000
 714 hyphenation exceptions out of 8191
 38i,12n,45p,482b,358s stack positions out of 5000i,500n,10000p,200000b,50000s
{/usr/share/texmf/fonts/enc/dvips/cm-super/cm-super-ts1.enc}</u
sr/share/texmf-texlive/fonts/type1/public/amsfonts/cm/cmbx10.pfb></usr/share/te
xmf-texlive/fonts/type1/public/amsfonts/cm/cmbx12.pfb></usr/share/texmf-texlive
/fonts/type1/public/amsfonts/cm/cmbx9.pfb></usr/share/texmf-texlive/fonts/type1
/public/amsfonts/cm/cmbxti10.pfb></usr/share/texmf-texlive/fonts/type1/public/a
msfonts/cm/cmcsc10.pfb></usr/share/texmf-texlive/fonts/type1/public/amsfonts/cm
/cmmi10.pfb></usr/share/texmf-texlive/fonts/type1/public/amsfonts/cm/cmmi6.pfb>
</usr/share/texmf-texlive/fonts/type1/public/amsfonts/cm/cmr10.pfb></usr/share/
texmf-texlive/fonts/type1/public/amsfonts/cm/cmr6.pfb></usr/share/texmf-texlive
/fonts/type1/public/amsfonts/cm/cmr9.pfb></usr/share/texmf-texlive/fonts/type1/
public/amsfonts/cm/cmsl9.pfb></usr/share/texmf-texlive/fonts/type1/public/amsfo
nts/cm/cmsy10.pfb></usr/share/texmf-texlive/fonts/type1/public/amsfonts/cm/cmsy
6.pfb></usr/share/texmf-texlive/fonts/type1/public/amsfonts/cm/cmsy9.pfb></usr/
share/texmf-texlive/fonts/type1/public/amsfonts/cm/cmti10.pfb></usr/share/texmf
-texlive/fonts/type1/public/amsfonts/cm/cmti9.pfb></usr/share/texmf/fonts/type1
/public/cm-super/sfrm1000.pfb>
Output written on gpss.pdf (9 pages, 239714 bytes).
PDF statistics:
 154 PDF objects out of 1000 (max. 8388607)
 34 named destinations out of 1000 (max. 500000)
 1 words of extra memory for PDF output out of 10000 (max. 10000000)

