\BOOKMARK [0][-]{chapter.1}{Introduction}{}
\BOOKMARK [1][-]{section.1.1}{Building an Automated Statistician}{chapter.1}
\BOOKMARK [1][-]{section.1.2}{Contribution}{chapter.1}
\BOOKMARK [0][-]{chapter.2}{Background}{}
\BOOKMARK [1][-]{section.2.1}{Bayesian Inference}{chapter.2}
\BOOKMARK [1][-]{section.2.2}{Bayesian nonparametric models}{chapter.2}
\BOOKMARK [1][-]{section.2.3}{Gaussian Processes}{chapter.2}
\BOOKMARK [2][-]{subsection.2.3.1}{Kernels for Gaussian Processes}{section.2.3}
\BOOKMARK [1][-]{section.2.4}{Gaussian Process Regression}{chapter.2}
\BOOKMARK [2][-]{subsection.2.4.1}{Learning the Hyperparameters}{section.2.4}
\BOOKMARK [1][-]{section.2.5}{Gaussian Process Classification}{chapter.2}
\BOOKMARK [2][-]{subsection.2.5.1}{Approximative Inference for GP Classification}{section.2.5}
\BOOKMARK [2][-]{subsection.2.5.2}{The Laplace Approximation}{section.2.5}
\BOOKMARK [2][-]{subsection.2.5.3}{Expectation Propagation}{section.2.5}
\BOOKMARK [0][-]{chapter.3}{Related Work}{}
\BOOKMARK [1][-]{section.3.1}{Kernel learning}{chapter.3}
\BOOKMARK [1][-]{section.3.2}{Additive Gaussian Processes}{chapter.3}
\BOOKMARK [1][-]{section.3.3}{Kernel structure discovery for GP regression}{chapter.3}
\BOOKMARK [0][-]{chapter.4}{Kernel Structure Discovery for GP Classification}{}
\BOOKMARK [1][-]{section.4.1}{Building the Models}{chapter.4}
\BOOKMARK [2][-]{subsection.4.1.1}{Defining the Kernel Grammar}{section.4.1}
\BOOKMARK [2][-]{subsection.4.1.2}{Approximative Inference}{section.4.1}
\BOOKMARK [1][-]{section.4.2}{Searching for the Model}{chapter.4}
\BOOKMARK [2][-]{subsection.4.2.1}{Bayesian and Akaike Information Criteria}{section.4.2}
\BOOKMARK [2][-]{subsection.4.2.2}{The Number of Effective Hyperparameters}{section.4.2}
\BOOKMARK [2][-]{subsection.4.2.3}{Cross-validated Training Accuracy}{section.4.2}
\BOOKMARK [1][-]{section.4.3}{Experiments with Synthetic Data}{chapter.4}
\BOOKMARK [1][-]{section.4.4}{Structure Discovery for Real-world Data Sets}{chapter.4}
\BOOKMARK [2][-]{subsection.4.4.1}{Overfitting}{section.4.4}
\BOOKMARK [2][-]{subsection.4.4.2}{Predictive Performance}{section.4.4}
\BOOKMARK [0][-]{chapter.5}{Advancing the Automated Statistician}{}
\BOOKMARK [1][-]{section.5.1}{The Alternative Likelihood Function}{chapter.5}
\BOOKMARK [2][-]{subsection.5.1.1}{Dealing with Outliers}{section.5.1}
\BOOKMARK [2][-]{subsection.5.1.2}{Adding Salt and Pepper Noise}{section.5.1}
\BOOKMARK [2][-]{subsection.5.1.3}{Likelihood Mixture Performance on Real World Data}{section.5.1}
\BOOKMARK [1][-]{section.5.2}{Bayesian Model Averaging}{chapter.5}
\BOOKMARK [1][-]{section.5.3}{Providing Interpretability}{chapter.5}
\BOOKMARK [2][-]{subsection.5.3.1}{Pima}{section.5.3}
\BOOKMARK [2][-]{subsection.5.3.2}{Breast}{section.5.3}
\BOOKMARK [0][-]{chapter.6}{Summary and Conclusions}{}
\BOOKMARK [1][-]{section.6.1}{Further Work}{chapter.6}
